Figwheel: focusing on build-ids (dev)
[0mCompiling "resources/public/js/compiled/app.js" from ["src/cljs"]...
[32mSuccessfully compiled "resources/public/js/compiled/app.js" in 0.15 seconds.[0m
notifying browser that file changed:  resources/public/js/compiled/out/goog/deps.js
notifying browser that file changed:  resources/public/js/compiled/out/cljs_deps.js
notifying browser that file changed:  /example/views.js
notifying browser that file changed:  /example/db.js
notifying browser that file changed:  /example/subs.js
notifying browser that file changed:  /example/core.js
notifying browser that file changed:  /example/handlers.js
Figwheel: focusing on build-ids (dev)
[0mCompiling "resources/public/js/compiled/app.js" from ["src/cljs"]...
[32mSuccessfully compiled "resources/public/js/compiled/app.js" in 0.15 seconds.[0m
notifying browser that file changed:  resources/public/js/compiled/out/goog/deps.js
notifying browser that file changed:  resources/public/js/compiled/out/cljs_deps.js
notifying browser that file changed:  /example/views.js
notifying browser that file changed:  /example/db.js
notifying browser that file changed:  /example/subs.js
notifying browser that file changed:  /example/core.js
notifying browser that file changed:  /example/handlers.js
[0mCompiling "resources/public/js/compiled/app.js" from ["src/cljs"]...
[32mSuccessfully compiled "resources/public/js/compiled/app.js" in 0.143 seconds.[0m
notifying browser that file changed:  /example/views.js
[0mCompiling "resources/public/js/compiled/app.js" from ["src/cljs"]...
[32mSuccessfully compiled "resources/public/js/compiled/app.js" in 0.1 seconds.[0m
notifying browser that file changed:  resources/public/js/compiled/out/cljs_deps.js
notifying browser that file changed:  /example/views.js
Figwheel: focusing on build-ids (dev)
[0mCompiling "resources/public/js/compiled/app.js" from ["src/cljs"]...
[32mSuccessfully compiled "resources/public/js/compiled/app.js" in 0.106 seconds.[0m
notifying browser that file changed:  resources/public/js/compiled/out/goog/deps.js
notifying browser that file changed:  resources/public/js/compiled/out/cljs_deps.js
notifying browser that file changed:  /example/views.js
notifying browser that file changed:  /example/db.js
notifying browser that file changed:  /example/subs.js
notifying browser that file changed:  /example/core.js
notifying browser that file changed:  /example/handlers.js
Figwheel: focusing on build-ids (dev)
[0mCompiling "resources/public/js/compiled/app.js" from ["src/cljs"]...
[32mSuccessfully compiled "resources/public/js/compiled/app.js" in 0.104 seconds.[0m
notifying browser that file changed:  resources/public/js/compiled/out/goog/deps.js
notifying browser that file changed:  resources/public/js/compiled/out/cljs_deps.js
notifying browser that file changed:  /example/views.js
notifying browser that file changed:  /example/db.js
notifying browser that file changed:  /example/subs.js
notifying browser that file changed:  /example/core.js
notifying browser that file changed:  /example/handlers.js
[0mCompiling "resources/public/js/compiled/app.js" from ["src/cljs"]...
[32mSuccessfully compiled "resources/public/js/compiled/app.js" in 0.096 seconds.[0m
notifying browser that file changed:  /example/core.js
[0mCompiling "resources/public/js/compiled/app.js" from ["src/cljs"]...
[32mSuccessfully compiled "resources/public/js/compiled/app.js" in 0.113 seconds.[0m
notifying browser that file changed:  /example/core.js
[0mCompiling "resources/public/js/compiled/app.js" from ["src/cljs"]...
[32mSuccessfully compiled "resources/public/js/compiled/app.js" in 0.097 seconds.[0m
notifying browser that file changed:  /example/core.js
[0mCompiling "resources/public/js/compiled/app.js" from ["src/cljs"]...
[32mSuccessfully compiled "resources/public/js/compiled/app.js" in 0.098 seconds.[0m
notifying browser that file changed:  /example/core.js
[0mCompiling "resources/public/js/compiled/app.js" from ["src/cljs"]...
[32mSuccessfully compiled "resources/public/js/compiled/app.js" in 0.095 seconds.[0m
notifying browser that file changed:  /example/core.js
[0mCompiling "resources/public/js/compiled/app.js" from ["src/cljs"]...
[32mSuccessfully compiled "resources/public/js/compiled/app.js" in 0.12 seconds.[0m
notifying browser that file changed:  /example/core.js
[0mCompiling "resources/public/js/compiled/app.js" from ["src/cljs"]...
[32mSuccessfully compiled "resources/public/js/compiled/app.js" in 0.091 seconds.[0m
notifying browser that file changed:  /example/core.js
[0mCompiling "resources/public/js/compiled/app.js" from ["src/cljs"]...
[32mSuccessfully compiled "resources/public/js/compiled/app.js" in 0.098 seconds.[0m
notifying browser that file changed:  /example/core.js
[0mCompiling "resources/public/js/compiled/app.js" from ["src/cljs"]...
[32mSuccessfully compiled "resources/public/js/compiled/app.js" in 0.079 seconds.[0m
notifying browser that file changed:  resources/public/js/compiled/out/cljs_deps.js
notifying browser that file changed:  /example/views.js
[0mCompiling "resources/public/js/compiled/app.js" from ["src/cljs"]...
[32mSuccessfully compiled "resources/public/js/compiled/app.js" in 0.083 seconds.[0m
notifying browser that file changed:  /example/core.js
[0mCompiling "resources/public/js/compiled/app.js" from ["src/cljs"]...
WARNING: Use of undeclared Var example.core/viewsmy-first-component at line 11 src/cljs/example/core.cljs
[32mSuccessfully compiled "resources/public/js/compiled/app.js" in 0.118 seconds.[0m
notifying browser that file changed:  /example/core.js
[0mCompiling "resources/public/js/compiled/app.js" from ["src/cljs"]...
[32mSuccessfully compiled "resources/public/js/compiled/app.js" in 0.083 seconds.[0m
notifying browser that file changed:  /example/core.js
[0mCompiling "resources/public/js/compiled/app.js" from ["src/cljs"]...
[32mSuccessfully compiled "resources/public/js/compiled/app.js" in 0.079 seconds.[0m
notifying browser that file changed:  resources/public/js/compiled/out/cljs_deps.js
notifying browser that file changed:  /example/core.js
[0mCompiling "resources/public/js/compiled/app.js" from ["src/cljs"]...
[31mCompiling "resources/public/js/compiled/app.js" failed.[0m
clojure.lang.ExceptionInfo: failed compiling file:src/cljs/example/core.cljs
 at clojure.core$ex_info.invoke (core.clj:4403)
    cljs.compiler$compile_file$fn__3100.invoke (compiler.clj:1142)
    cljs.compiler$compile_file.invoke (compiler.clj:1105)
    cljs.compiler$compile_root.invoke (compiler.clj:1177)
    cljs.closure$compile_dir.invoke (closure.clj:378)
    cljs.closure$eval3516$fn__3517.invoke (closure.clj:418)
    cljs.closure$eval3452$fn__3453$G__3443__3460.invoke (closure.clj:325)
    cljs.closure$eval3503$fn__3504.invoke (closure.clj:432)
    cljs.closure$eval3452$fn__3453$G__3443__3460.invoke (closure.clj:325)
    clojurescript_build.core.CompilableSourcePaths/fn (core.clj:19)
    clojure.core$map$fn__4245.invoke (core.clj:2557)
    clojure.lang.LazySeq.sval (LazySeq.java:40)
    clojure.lang.LazySeq.seq (LazySeq.java:49)
    clojure.lang.RT.seq (RT.java:484)
    clojure.core$seq.invoke (core.clj:133)
    clojure.core$apply.invoke (core.clj:624)
    clojure.core$mapcat.doInvoke (core.clj:2586)
    clojure.lang.RestFn.invoke (RestFn.java:423)
    clojurescript_build.core.CompilableSourcePaths._compile (core.clj:19)
    cljs.closure$build.invoke (closure.clj:1446)
    clojurescript_build.core$build_source_paths_STAR_.invoke (core.clj:153)
    figwheel_sidecar.auto_builder$default_build_options$fn__17664.invoke (auto_builder.clj:78)
    figwheel_sidecar.auto_builder$insert_figwheel_connect_script$fn__17697.invoke (auto_builder.clj:179)
    figwheel_sidecar.auto_builder$warning$fn__17661.invoke (auto_builder.clj:73)
    clojurescript_build.auto$time_build$fn__17457.invoke (auto.clj:55)
    clojurescript_build.auto$after$fn__17463.invoke (auto.clj:64)
    clojurescript_build.auto$after$fn__17463.invoke (auto.clj:64)
    clojurescript_build.auto$after$fn__17463.invoke (auto.clj:64)
    clojurescript_build.auto$error$fn__17466.invoke (auto.clj:71)
    clojurescript_build.auto$before$fn__17460.invoke (auto.clj:60)
[0mCompiling "resources/public/js/compiled/app.js" from ["src/cljs"]...
[32mSuccessfully compiled "resources/public/js/compiled/app.js" in 0.088 seconds.[0m
notifying browser that file changed:  resources/public/js/compiled/out/cljs_deps.js
notifying browser that file changed:  /example/core.js
[0mCompiling "resources/public/js/compiled/app.js" from ["src/cljs"]...
[32mSuccessfully compiled "resources/public/js/compiled/app.js" in 0.087 seconds.[0m
notifying browser that file changed:  resources/public/js/compiled/out/cljs_deps.js
notifying browser that file changed:  /example/core.js
[0mCompiling "resources/public/js/compiled/app.js" from ["src/cljs"]...
WARNING: Use of undeclared Var example.core/counter at line 13 src/cljs/example/core.cljs
[32mSuccessfully compiled "resources/public/js/compiled/app.js" in 0.113 seconds.[0m
notifying browser that file changed:  /example/core.js
[0mCompiling "resources/public/js/compiled/app.js" from ["src/cljs"]...
[32mSuccessfully compiled "resources/public/js/compiled/app.js" in 0.087 seconds.[0m
notifying browser that file changed:  resources/public/js/compiled/out/cljs_deps.js
notifying browser that file changed:  /example/core.js
[0mCompiling "resources/public/js/compiled/app.js" from ["src/cljs"]...
[32mSuccessfully compiled "resources/public/js/compiled/app.js" in 0.082 seconds.[0m
notifying browser that file changed:  /example/views.js
[0mCompiling "resources/public/js/compiled/app.js" from ["src/cljs"]...
[32mSuccessfully compiled "resources/public/js/compiled/app.js" in 0.092 seconds.[0m
notifying browser that file changed:  resources/public/js/compiled/out/cljs_deps.js
notifying browser that file changed:  /example/core.js
[0mCompiling "resources/public/js/compiled/app.js" from ["src/cljs"]...
[31mCompiling "resources/public/js/compiled/app.js" failed.[0m
clojure.lang.ExceptionInfo: failed compiling file:src/cljs/example/core.cljs
 at clojure.core$ex_info.invoke (core.clj:4403)
    cljs.compiler$compile_file$fn__3100.invoke (compiler.clj:1142)
    cljs.compiler$compile_file.invoke (compiler.clj:1105)
    cljs.compiler$compile_root.invoke (compiler.clj:1177)
    cljs.closure$compile_dir.invoke (closure.clj:378)
    cljs.closure$eval3516$fn__3517.invoke (closure.clj:418)
    cljs.closure$eval3452$fn__3453$G__3443__3460.invoke (closure.clj:325)
    cljs.closure$eval3503$fn__3504.invoke (closure.clj:432)
    cljs.closure$eval3452$fn__3453$G__3443__3460.invoke (closure.clj:325)
    clojurescript_build.core.CompilableSourcePaths/fn (core.clj:19)
    clojure.core$map$fn__4245.invoke (core.clj:2557)
    clojure.lang.LazySeq.sval (LazySeq.java:40)
    clojure.lang.LazySeq.seq (LazySeq.java:49)
    clojure.lang.RT.seq (RT.java:484)
    clojure.core$seq.invoke (core.clj:133)
    clojure.core$apply.invoke (core.clj:624)
    clojure.core$mapcat.doInvoke (core.clj:2586)
    clojure.lang.RestFn.invoke (RestFn.java:423)
    clojurescript_build.core.CompilableSourcePaths._compile (core.clj:19)
    cljs.closure$build.invoke (closure.clj:1446)
    clojurescript_build.core$build_source_paths_STAR_.invoke (core.clj:153)
    figwheel_sidecar.auto_builder$default_build_options$fn__17664.invoke (auto_builder.clj:78)
    figwheel_sidecar.auto_builder$insert_figwheel_connect_script$fn__17697.invoke (auto_builder.clj:179)
    figwheel_sidecar.auto_builder$warning$fn__17661.invoke (auto_builder.clj:73)
    clojurescript_build.auto$time_build$fn__17457.invoke (auto.clj:55)
    clojurescript_build.auto$after$fn__17463.invoke (auto.clj:64)
    clojurescript_build.auto$after$fn__17463.invoke (auto.clj:64)
    clojurescript_build.auto$after$fn__17463.invoke (auto.clj:64)
    clojurescript_build.auto$error$fn__17466.invoke (auto.clj:71)
    clojurescript_build.auto$before$fn__17460.invoke (auto.clj:60)
[0mCompiling "resources/public/js/compiled/app.js" from ["src/cljs"]...
[32mSuccessfully compiled "resources/public/js/compiled/app.js" in 0.084 seconds.[0m
notifying browser that file changed:  resources/public/js/compiled/out/cljs_deps.js
notifying browser that file changed:  /example/views.js
[0mCompiling "resources/public/js/compiled/app.js" from ["src/cljs"]...
[32mSuccessfully compiled "resources/public/js/compiled/app.js" in 0.083 seconds.[0m
notifying browser that file changed:  resources/public/js/compiled/out/cljs_deps.js
notifying browser that file changed:  /example/core.js
[0mCompiling "resources/public/js/compiled/app.js" from ["src/cljs"]...
[32mSuccessfully compiled "resources/public/js/compiled/app.js" in 0.111 seconds.[0m
notifying browser that file changed:  /example/core.js
[0mCompiling "resources/public/js/compiled/app.js" from ["src/cljs"]...
[32mSuccessfully compiled "resources/public/js/compiled/app.js" in 0.087 seconds.[0m
notifying browser that file changed:  /example/core.js
[0mCompiling "resources/public/js/compiled/app.js" from ["src/cljs"]...
[32mSuccessfully compiled "resources/public/js/compiled/app.js" in 0.096 seconds.[0m
notifying browser that file changed:  resources/public/js/compiled/out/cljs_deps.js
notifying browser that file changed:  /example/core.js
[0mCompiling "resources/public/js/compiled/app.js" from ["src/cljs"]...
[32mSuccessfully compiled "resources/public/js/compiled/app.js" in 0.1 seconds.[0m
notifying browser that file changed:  resources/public/js/compiled/out/cljs_deps.js
notifying browser that file changed:  /example/core.js
[0mCompiling "resources/public/js/compiled/app.js" from ["src/cljs"]...
WARNING: Use of undeclared Var reagent.core/reaction at line 17 src/cljs/example/core.cljs
[32mSuccessfully compiled "resources/public/js/compiled/app.js" in 0.108 seconds.[0m
notifying browser that file changed:  /example/core.js
[0mCompiling "resources/public/js/compiled/app.js" from ["src/cljs"]...
WARNING: Use of undeclared Var reagent.core/reaction at line 17 src/cljs/example/core.cljs
[32mSuccessfully compiled "resources/public/js/compiled/app.js" in 0.118 seconds.[0m
notifying browser that file changed:  /example/core.js
[0mCompiling "resources/public/js/compiled/app.js" from ["src/cljs"]...
WARNING: Use of undeclared Var reagent.core/reaction at line 18 src/cljs/example/core.cljs
[32mSuccessfully compiled "resources/public/js/compiled/app.js" in 0.109 seconds.[0m
notifying browser that file changed:  /example/core.js
[0mCompiling "resources/public/js/compiled/app.js" from ["src/cljs"]...
[32mSuccessfully compiled "resources/public/js/compiled/app.js" in 0.084 seconds.[0m
notifying browser that file changed:  resources/public/js/compiled/out/cljs_deps.js
notifying browser that file changed:  /example/core.js
[0mCompiling "resources/public/js/compiled/app.js" from ["src/cljs"]...
[32mSuccessfully compiled "resources/public/js/compiled/app.js" in 0.084 seconds.[0m
notifying browser that file changed:  resources/public/js/compiled/out/cljs_deps.js
notifying browser that file changed:  /example/core.js
[0mCompiling "resources/public/js/compiled/app.js" from ["src/cljs"]...
[32mSuccessfully compiled "resources/public/js/compiled/app.js" in 0.09 seconds.[0m
notifying browser that file changed:  /example/core.js
[0mCompiling "resources/public/js/compiled/app.js" from ["src/cljs"]...
WARNING: counter at line 19 is being replaced at line 20 src/cljs/example/core.cljs
[32mSuccessfully compiled "resources/public/js/compiled/app.js" in 0.128 seconds.[0m
notifying browser that file changed:  /example/core.js
[0mCompiling "resources/public/js/compiled/app.js" from ["src/cljs"]...
[32mSuccessfully compiled "resources/public/js/compiled/app.js" in 0.091 seconds.[0m
notifying browser that file changed:  /example/core.js
[0mCompiling "resources/public/js/compiled/app.js" from ["src/cljs"]...
[32mSuccessfully compiled "resources/public/js/compiled/app.js" in 0.079 seconds.[0m
notifying browser that file changed:  /example/subs.js
[0mCompiling "resources/public/js/compiled/app.js" from ["src/cljs"]...
[32mSuccessfully compiled "resources/public/js/compiled/app.js" in 0.081 seconds.[0m
notifying browser that file changed:  resources/public/js/compiled/out/cljs_deps.js
notifying browser that file changed:  /example/db.js
[0mCompiling "resources/public/js/compiled/app.js" from ["src/cljs"]...
[32mSuccessfully compiled "resources/public/js/compiled/app.js" in 0.072 seconds.[0m
notifying browser that file changed:  resources/public/js/compiled/out/cljs_deps.js
notifying browser that file changed:  /example/subs.js
[0mCompiling "resources/public/js/compiled/app.js" from ["src/cljs"]...
WARNING: Use of undeclared Var example.views/state at line 24 src/cljs/example/views.cljs
[32mSuccessfully compiled "resources/public/js/compiled/app.js" in 0.1 seconds.[0m
notifying browser that file changed:  resources/public/js/compiled/out/cljs_deps.js
notifying browser that file changed:  /example/views.js
[0mCompiling "resources/public/js/compiled/app.js" from ["src/cljs"]...
WARNING: Use of undeclared Var example.views/dispatch at line 24 src/cljs/example/views.cljs
WARNING: Use of undeclared Var example.views/dispatch at line 25 src/cljs/example/views.cljs
[32mSuccessfully compiled "resources/public/js/compiled/app.js" in 0.114 seconds.[0m
notifying browser that file changed:  resources/public/js/compiled/out/cljs_deps.js
notifying browser that file changed:  /example/views.js
[0mCompiling "resources/public/js/compiled/app.js" from ["src/cljs"]...
WARNING: Use of undeclared Var example.handlers/arguments at line 6 src/cljs/example/handlers.cljs
[32mSuccessfully compiled "resources/public/js/compiled/app.js" in 0.097 seconds.[0m
notifying browser that file changed:  resources/public/js/compiled/out/cljs_deps.js
notifying browser that file changed:  /example/handlers.js
[0mCompiling "resources/public/js/compiled/app.js" from ["src/cljs"]...
WARNING: Use of undeclared Var example.handlers/arguments at line 6 src/cljs/example/handlers.cljs
[32mSuccessfully compiled "resources/public/js/compiled/app.js" in 0.16 seconds.[0m
notifying browser that file changed:  /example/handlers.js
[0mCompiling "resources/public/js/compiled/app.js" from ["src/cljs"]...
WARNING: Use of undeclared Var example.core/comp-with-state at line 15 src/cljs/example/core.cljs
[32mSuccessfully compiled "resources/public/js/compiled/app.js" in 0.091 seconds.[0m
notifying browser that file changed:  /example/core.js
[0mCompiling "resources/public/js/compiled/app.js" from ["src/cljs"]...
WARNING: Use of undeclared Var example.core/comp-with-state at line 14 src/cljs/example/core.cljs
[32mSuccessfully compiled "resources/public/js/compiled/app.js" in 0.102 seconds.[0m
notifying browser that file changed:  /example/core.js
[0mCompiling "resources/public/js/compiled/app.js" from ["src/cljs"]...
WARNING: Use of undeclared Var example.views/dispatch at line 23 src/cljs/example/views.cljs
WARNING: Use of undeclared Var example.views/dispatch at line 24 src/cljs/example/views.cljs
[32mSuccessfully compiled "resources/public/js/compiled/app.js" in 0.116 seconds.[0m
notifying browser that file changed:  resources/public/js/compiled/out/cljs_deps.js
notifying browser that file changed:  /example/views.js
[0mCompiling "resources/public/js/compiled/app.js" from ["src/cljs"]...
WARNING: No such namespace: view, could not locate view.cljs or view.cljc at line 14 src/cljs/example/core.cljs
WARNING: Use of undeclared Var view/comp-with-state at line 14 src/cljs/example/core.cljs
[32mSuccessfully compiled "resources/public/js/compiled/app.js" in 0.116 seconds.[0m
notifying browser that file changed:  resources/public/js/compiled/out/cljs_deps.js
notifying browser that file changed:  /example/core.js
[0mCompiling "resources/public/js/compiled/app.js" from ["src/cljs"]...
[32mSuccessfully compiled "resources/public/js/compiled/app.js" in 0.084 seconds.[0m
notifying browser that file changed:  /example/core.js
[0mCompiling "resources/public/js/compiled/app.js" from ["src/cljs"]...
[32mSuccessfully compiled "resources/public/js/compiled/app.js" in 0.09 seconds.[0m
notifying browser that file changed:  resources/public/js/compiled/out/cljs_deps.js
notifying browser that file changed:  /example/views.js
[0mCompiling "resources/public/js/compiled/app.js" from ["src/cljs"]...
[32mSuccessfully compiled "resources/public/js/compiled/app.js" in 0.074 seconds.[0m
notifying browser that file changed:  resources/public/js/compiled/out/cljs_deps.js
notifying browser that file changed:  /example/subs.js
[0mCompiling "resources/public/js/compiled/app.js" from ["src/cljs"]...
[32mSuccessfully compiled "resources/public/js/compiled/app.js" in 0.074 seconds.[0m
notifying browser that file changed:  resources/public/js/compiled/out/cljs_deps.js
notifying browser that file changed:  /example/subs.js
[0mCompiling "resources/public/js/compiled/app.js" from ["src/cljs"]...
[32mSuccessfully compiled "resources/public/js/compiled/app.js" in 0.227 seconds.[0m
notifying browser that file changed:  resources/public/js/compiled/out/cljs_deps.js
notifying browser that file changed:  /example/core.js
[0mCompiling "resources/public/js/compiled/app.js" from ["src/cljs"]...
[32mSuccessfully compiled "resources/public/js/compiled/app.js" in 0.087 seconds.[0m
notifying browser that file changed:  resources/public/js/compiled/out/cljs_deps.js
notifying browser that file changed:  /example/core.js
